生成启动时间为 2014/7/15 20:20:15。
     1>项目“E:\OpenGL\openTest\openTest.vcxproj”在节点 2 上(Build 个目标)。
     1>ClCompile:
         C:\Program Files (x86)\Microsoft Visual Studio 11.0\VC\bin\CL.exe /c /ZI /nologo /W3 /WX- /Od /Oy- /D WIN32 /D _DEBUG /D _CONSOLE /D _UNICODE /D UNICODE /Gm /EHsc /RTC1 /MDd /GS /fp:precise /Zc:wchar_t /Zc:forScope /Fo"Debug\\" /Fd"Debug\vc110.pdb" /Gd /TP /analyze- /errorReport:prompt main.cpp
         main.cpp
     1>e:\opengl\opentest\main.cpp(25): error C2065: “WindowWidth”: 未声明的标识符
     1>e:\opengl\opentest\main.cpp(25): error C2065: “WindowHeight”: 未声明的标识符
     1>e:\opengl\opentest\main.cpp(26): error C2065: “WindowWidth”: 未声明的标识符
     1>e:\opengl\opentest\main.cpp(26): error C2065: “WindowHeight”: 未声明的标识符
     1>e:\opengl\opentest\main.cpp(30): error C3861: “grab”: 找不到标识符
     1>e:\opengl\opentest\main.cpp(35): error C2065: “FILE”: 未声明的标识符
     1>e:\opengl\opentest\main.cpp(35): error C2065: “pDummyFile”: 未声明的标识符
     1>e:\opengl\opentest\main.cpp(36): error C2065: “FILE”: 未声明的标识符
     1>e:\opengl\opentest\main.cpp(36): error C2065: “pWritingFile”: 未声明的标识符
     1>e:\opengl\opentest\main.cpp(43): error C2065: “WindowWidth”: 未声明的标识符
     1>e:\opengl\opentest\main.cpp(47): error C2065: “WindowHeight”: 未声明的标识符
     1>e:\opengl\opentest\main.cpp(50): error C3861: “malloc”: 找不到标识符
     1>e:\opengl\opentest\main.cpp(52): error C3861: “exit”: 找不到标识符
     1>e:\opengl\opentest\main.cpp(54): error C2065: “pDummyFile”: 未声明的标识符
     1>e:\opengl\opentest\main.cpp(54): error C3861: “fopen”: 找不到标识符
     1>e:\opengl\opentest\main.cpp(55): error C2065: “pDummyFile”: 未声明的标识符
     1>e:\opengl\opentest\main.cpp(56): error C3861: “exit”: 找不到标识符
     1>e:\opengl\opentest\main.cpp(58): error C2065: “pWritingFile”: 未声明的标识符
     1>e:\opengl\opentest\main.cpp(58): error C3861: “fopen”: 找不到标识符
     1>e:\opengl\opentest\main.cpp(59): error C2065: “pWritingFile”: 未声明的标识符
     1>e:\opengl\opentest\main.cpp(60): error C3861: “exit”: 找不到标识符
     1>e:\opengl\opentest\main.cpp(64): error C2065: “WindowWidth”: 未声明的标识符
     1>e:\opengl\opentest\main.cpp(64): error C2065: “WindowHeight”: 未声明的标识符
     1>e:\opengl\opentest\main.cpp(68): error C2065: “pDummyFile”: 未声明的标识符
     1>e:\opengl\opentest\main.cpp(68): error C3861: “fread”: 找不到标识符
     1>e:\opengl\opentest\main.cpp(69): error C2065: “pWritingFile”: 未声明的标识符
     1>e:\opengl\opentest\main.cpp(69): error C3861: “fwrite”: 找不到标识符
     1>e:\opengl\opentest\main.cpp(70): error C2065: “pWritingFile”: 未声明的标识符
     1>e:\opengl\opentest\main.cpp(70): error C2065: “SEEK_SET”: 未声明的标识符
     1>e:\opengl\opentest\main.cpp(70): error C3861: “fseek”: 找不到标识符
     1>e:\opengl\opentest\main.cpp(71): error C2065: “WindowWidth”: 未声明的标识符
     1>e:\opengl\opentest\main.cpp(72): error C2065: “WindowHeight”: 未声明的标识符
     1>e:\opengl\opentest\main.cpp(73): error C2065: “pWritingFile”: 未声明的标识符
     1>e:\opengl\opentest\main.cpp(73): error C3861: “fwrite”: 找不到标识符
     1>e:\opengl\opentest\main.cpp(74): error C2065: “pWritingFile”: 未声明的标识符
     1>e:\opengl\opentest\main.cpp(74): error C3861: “fwrite”: 找不到标识符
     1>e:\opengl\opentest\main.cpp(77): error C2065: “pWritingFile”: 未声明的标识符
     1>e:\opengl\opentest\main.cpp(77): error C2065: “SEEK_END”: 未声明的标识符
     1>e:\opengl\opentest\main.cpp(77): error C3861: “fseek”: 找不到标识符
     1>e:\opengl\opentest\main.cpp(78): error C2065: “pWritingFile”: 未声明的标识符
     1>e:\opengl\opentest\main.cpp(78): error C3861: “fwrite”: 找不到标识符
     1>e:\opengl\opentest\main.cpp(81): error C2065: “pDummyFile”: 未声明的标识符
     1>e:\opengl\opentest\main.cpp(81): error C3861: “fclose”: 找不到标识符
     1>e:\opengl\opentest\main.cpp(82): error C2065: “pWritingFile”: 未声明的标识符
     1>e:\opengl\opentest\main.cpp(82): error C3861: “fclose”: 找不到标识符
     1>e:\opengl\opentest\main.cpp(83): error C3861: “free”: 找不到标识符
     1>e:\opengl\opentest\main.cpp(86): error C2601: “main”: 本地函数定义是非法的
                 e:\opengl\opentest\main.cpp(34): 此行有一个“{”没有匹配项
     1>e:\opengl\opentest\main.cpp(99): fatal error C1075: 与左侧的 大括号“{”(位于“e:\opengl\opentest\main.cpp(34)”)匹配之前遇到文件结束
     1>已完成生成项目“E:\OpenGL\openTest\openTest.vcxproj”(Build 个目标)的操作 - 失败。

生成失败。

已用时间 00:00:00.36
